{29745: {'hNorth_S02_bin_107_142': 838.1666870117188,
         'hNorth_S03_bin_75_150': 833.7332763671875,
         'hNorth_S04_bin_43_135': 688.0833740234375,
         'hNorth_S09_bin_96_17': 159.77777099609375,
         'hSouth_S17_bin_30_128': 238.5,
         'hSouth_S18_bin_13_86': 362.66668701171875,
         'hSouth_S19_bin_11_61': 231.8333282470703,
         'hSouth_S23_bin_126_38': 210.2083282470703}}
{29745: {'hNorth_S02_bin_107_142': 838.1666870117188,
         'hNorth_S03_bin_75_150': 833.7332763671875,
         'hNorth_S04_bin_43_135': 688.0833740234375,
         'hNorth_S09_bin_96_17': 159.77777099609375,
         'hSouth_S17_bin_30_128': 238.5,
         'hSouth_S18_bin_13_86': 362.66668701171875,
         'hSouth_S19_bin_11_61': 231.8333282470703,
         'hSouth_S23_bin_126_38': 210.2083282470703}}
, 
{29747: {'hNorth_S02_bin_107_142': 798.125,
         'hNorth_S03_bin_75_150': 812.4332885742188,
         'hNorth_S04_bin_43_135': 673.4583740234375,
         'hNorth_S09_bin_96_17': 172.93331909179688,
         'hSouth_S17_bin_30_128': 259.2916564941406,
         'hSouth_S18_bin_13_86': 431.0740661621094,
         'hSouth_S19_bin_11_61': 312.8518371582031,
         'hSouth_S23_bin_126_38': 295.5952453613281}}
, 
